<?xml version="1.0" encoding="UTF-8"?>
<testng-results ignored="0" total="1" passed="1" failed="0" skipped="0">
  <reporter-output>
  </reporter-output>
  <suite started-at="2024-06-18T16:25:35 CEST" name="Default suite" finished-at="2024-06-18T16:25:43 CEST" duration-ms="7833">
    <groups>
    </groups>
    <test started-at="2024-06-18T16:25:35 CEST" name="Default test" finished-at="2024-06-18T16:25:43 CEST" duration-ms="7833">
      <class name="test.BrokersTest">
        <test-method is-config="true" signature="setup()[pri:0, instance:test.BrokersTest@2e8c1c9b]" started-at="2024-06-18T16:25:35 CEST" name="setup" finished-at="2024-06-18T16:25:38 CEST" duration-ms="2352" status="PASS">
          <reporter-output>
          </reporter-output>
        </test-method> <!-- setup -->
        <test-method signature="testingBrokers()[pri:0, instance:test.BrokersTest@2e8c1c9b]" started-at="2024-06-18T16:25:38 CEST" name="testingBrokers" finished-at="2024-06-18T16:25:43 CEST" duration-ms="5401" status="PASS">
          <reporter-output>
          </reporter-output>
        </test-method> <!-- testingBrokers -->
      </class> <!-- test.BrokersTest -->
    </test> <!-- Default test -->
  </suite> <!-- Default suite -->
</testng-results>
