<?xml version="1.0" encoding="UTF-8"?>
<testng-results ignored="0" total="1" passed="1" failed="0" skipped="0">
  <reporter-output>
  </reporter-output>
  <suite started-at="2024-06-18T17:02:14 CEST" name="Default suite" finished-at="2024-06-18T17:02:22 CEST" duration-ms="7158">
    <groups>
    </groups>
    <test started-at="2024-06-18T17:02:14 CEST" name="Default test" finished-at="2024-06-18T17:02:22 CEST" duration-ms="7158">
      <class name="test.BrokersTest">
        <test-method is-config="true" signature="setup()[pri:0, instance:test.BrokersTest@6f36c2f0]" started-at="2024-06-18T17:02:14 CEST" name="setup" finished-at="2024-06-18T17:02:17 CEST" duration-ms="2270" status="PASS">
          <reporter-output>
          </reporter-output>
        </test-method> <!-- setup -->
        <test-method signature="testingBrokers()[pri:0, instance:test.BrokersTest@6f36c2f0]" started-at="2024-06-18T17:02:17 CEST" name="testingBrokers" finished-at="2024-06-18T17:02:22 CEST" duration-ms="4813" status="PASS">
          <reporter-output>
          </reporter-output>
        </test-method> <!-- testingBrokers -->
      </class> <!-- test.BrokersTest -->
    </test> <!-- Default test -->
  </suite> <!-- Default suite -->
</testng-results>
